<?xml version="1.0" encoding="UTF-8"?>
<coverage generated="1753174094363" clover="3.2.0">
  <project timestamp="1753174094363" name="All files">
    <metrics statements="61" coveredstatements="60" conditionals="47" coveredconditionals="47" methods="17" coveredmethods="17" elements="125" coveredelements="124" complexity="0" loc="61" ncloc="61" packages="3" files="8" classes="8"/>
    <package name="DailyHabit">
      <metrics statements="3" coveredstatements="2" conditionals="0" coveredconditionals="0" methods="1" coveredmethods="1"/>
      <file name="App.tsx" path="/Users/taipnguyen/Documents/Learning/First Project/DailyHabit/App.tsx">
        <metrics statements="2" coveredstatements="2" conditionals="0" coveredconditionals="0" methods="1" coveredmethods="1"/>
        <line num="5" count="4" type="stmt"/>
        <line num="13" count="1" type="stmt"/>
      </file>
      <file name="index.ts" path="/Users/taipnguyen/Documents/Learning/First Project/DailyHabit/index.ts">
        <metrics statements="1" coveredstatements="0" conditionals="0" coveredconditionals="0" methods="0" coveredmethods="0"/>
        <line num="8" count="0" type="stmt"/>
      </file>
    </package>
    <package name="DailyHabit.components">
      <metrics statements="12" coveredstatements="12" conditionals="18" coveredconditionals="18" methods="4" coveredmethods="4"/>
      <file name="Button.tsx" path="/Users/taipnguyen/Documents/Learning/First Project/DailyHabit/components/Button.tsx">
        <metrics statements="5" coveredstatements="5" conditionals="10" coveredconditionals="10" methods="1" coveredmethods="1"/>
        <line num="12" count="1" type="stmt"/>
        <line num="19" count="10" type="stmt"/>
        <line num="25" count="10" type="stmt"/>
        <line num="31" count="10" type="stmt"/>
        <line num="45" count="1" type="stmt"/>
      </file>
      <file name="HabitCard.tsx" path="/Users/taipnguyen/Documents/Learning/First Project/DailyHabit/components/HabitCard.tsx">
        <metrics statements="7" coveredstatements="7" conditionals="8" coveredconditionals="8" methods="3" coveredmethods="3"/>
        <line num="20" count="1" type="stmt"/>
        <line num="26" count="10" type="stmt"/>
        <line num="27" count="1" type="stmt"/>
        <line num="30" count="10" type="stmt"/>
        <line num="31" count="2" type="stmt"/>
        <line num="34" count="10" type="stmt"/>
        <line num="73" count="1" type="stmt"/>
      </file>
      <file name="index.ts" path="/Users/taipnguyen/Documents/Learning/First Project/DailyHabit/components/index.ts">
        <metrics statements="0" coveredstatements="0" conditionals="0" coveredconditionals="0" methods="0" coveredmethods="0"/>
      </file>
    </package>
    <package name="DailyHabit.utils">
      <metrics statements="46" coveredstatements="46" conditionals="29" coveredconditionals="29" methods="12" coveredmethods="12"/>
      <file name="dateUtils.ts" path="/Users/taipnguyen/Documents/Learning/First Project/DailyHabit/utils/dateUtils.ts">
        <metrics statements="18" coveredstatements="18" conditionals="7" coveredconditionals="7" methods="6" coveredmethods="6"/>
        <line num="4" count="1" type="stmt"/>
        <line num="5" count="3" type="stmt"/>
        <line num="11" count="3" type="stmt"/>
        <line num="17" count="1" type="stmt"/>
        <line num="18" count="7" type="stmt"/>
        <line num="28" count="1" type="stmt"/>
        <line num="29" count="2" type="stmt"/>
        <line num="35" count="1" type="stmt"/>
        <line num="36" count="4" type="stmt"/>
        <line num="37" count="4" type="stmt"/>
        <line num="38" count="4" type="stmt"/>
        <line num="40" count="4" type="stmt"/>
        <line num="46" count="1" type="stmt"/>
        <line num="47" count="3" type="stmt"/>
        <line num="53" count="1" type="stmt"/>
        <line num="54" count="4" type="cond" truecount="2" falsecount="0"/>
        <line num="55" count="3" type="cond" truecount="2" falsecount="0"/>
        <line num="56" count="2" type="stmt"/>
      </file>
      <file name="habitUtils.ts" path="/Users/taipnguyen/Documents/Learning/First Project/DailyHabit/utils/habitUtils.ts">
        <metrics statements="28" coveredstatements="28" conditionals="22" coveredconditionals="22" methods="6" coveredmethods="6"/>
        <line num="4" count="1" type="stmt"/>
        <line num="5" count="6" type="cond" truecount="4" falsecount="0"/>
        <line num="6" count="2" type="stmt"/>
        <line num="9" count="4" type="cond" truecount="2" falsecount="0"/>
        <line num="10" count="1" type="stmt"/>
        <line num="13" count="3" type="cond" truecount="2" falsecount="0"/>
        <line num="14" count="1" type="stmt"/>
        <line num="17" count="2" type="stmt"/>
        <line num="23" count="1" type="stmt"/>
        <line num="24" count="4" type="stmt"/>
        <line num="41" count="1" type="stmt"/>
        <line num="45" count="5" type="cond" truecount="2" falsecount="0"/>
        <line num="46" count="4" type="stmt"/>
        <line num="52" count="1" type="stmt"/>
        <line num="53" count="4" type="stmt"/>
        <line num="59" count="1" type="stmt"/>
        <line num="60" count="6" type="cond" truecount="2" falsecount="0"/>
        <line num="61" count="5" type="cond" truecount="2" falsecount="0"/>
        <line num="62" count="4" type="cond" truecount="2" falsecount="0"/>
        <line num="63" count="3" type="cond" truecount="2" falsecount="0"/>
        <line num="64" count="2" type="cond" truecount="2" falsecount="0"/>
        <line num="65" count="1" type="stmt"/>
        <line num="71" count="1" type="stmt"/>
        <line num="72" count="5" type="cond" truecount="2" falsecount="0"/>
        <line num="74" count="4" type="stmt"/>
        <line num="75" count="4" type="stmt"/>
        <line num="77" count="4" type="stmt"/>
        <line num="80" count="4" type="stmt"/>
      </file>
      <file name="index.ts" path="/Users/taipnguyen/Documents/Learning/First Project/DailyHabit/utils/index.ts">
        <metrics statements="0" coveredstatements="0" conditionals="0" coveredconditionals="0" methods="0" coveredmethods="0"/>
      </file>
    </package>
  </project>
</coverage>
