{"/Users/taipnguyen/Documents/Learning/First Project/DailyHabit/App.tsx": {"path":"/Users/taipnguyen/Documents/Learning/First Project/DailyHabit/App.tsx","statementMap":{"0":{"start":{"line":5,"column":2},"end":{"line":10,"column":4}},"1":{"start":{"line":13,"column":15},"end":{"line":20,"column":2}}},"fnMap":{"0":{"name":"App","decl":{"start":{"line":4,"column":24},"end":{"line":4,"column":27}},"loc":{"start":{"line":4,"column":30},"end":{"line":11,"column":1}},"line":4}},"branchMap":{},"s":{"0":4,"1":1},"f":{"0":4},"b":{},"_coverageSchema":"1a1c01bbd47fc00a2c39e90264f33305004495a9","hash":"3a91abdf4bc73a6889ca4ce5bd6aab9280df65bc"}
,"/Users/taipnguyen/Documents/Learning/First Project/DailyHabit/index.ts": {"path":"/Users/taipnguyen/Documents/Learning/First Project/DailyHabit/index.ts","statementMap":{"0":{"start":{"line":8,"column":0},"end":{"line":8,"column":27}}},"fnMap":{},"branchMap":{},"s":{"0":0},"f":{},"b":{}}
,"/Users/taipnguyen/Documents/Learning/First Project/DailyHabit/components/Button.tsx": {"path":"/Users/taipnguyen/Documents/Learning/First Project/DailyHabit/components/Button.tsx","statementMap":{"0":{"start":{"line":12,"column":45},"end":{"line":43,"column":1}},"1":{"start":{"line":19,"column":33},"end":{"line":23,"column":3}},"2":{"start":{"line":25,"column":31},"end":{"line":29,"column":3}},"3":{"start":{"line":31,"column":2},"end":{"line":42,"column":4}},"4":{"start":{"line":45,"column":15},"end":{"line":79,"column":2}}},"fnMap":{"0":{"name":"(anonymous_0)","decl":{"start":{"line":12,"column":45},"end":{"line":12,"column":46}},"loc":{"start":{"line":18,"column":6},"end":{"line":43,"column":1}},"line":18}},"branchMap":{"0":{"loc":{"start":{"line":15,"column":2},"end":{"line":15,"column":18}},"type":"default-arg","locations":[{"start":{"line":15,"column":13},"end":{"line":15,"column":18}}],"line":15},"1":{"loc":{"start":{"line":16,"column":2},"end":{"line":16,"column":21}},"type":"default-arg","locations":[{"start":{"line":16,"column":12},"end":{"line":16,"column":21}}],"line":16},"2":{"loc":{"start":{"line":21,"column":8},"end":{"line":21,"column":77}},"type":"cond-expr","locations":[{"start":{"line":21,"column":32},"end":{"line":21,"column":52}},{"start":{"line":21,"column":55},"end":{"line":21,"column":77}}],"line":21},"3":{"loc":{"start":{"line":22,"column":8},"end":{"line":22,"column":41}},"type":"binary-expr","locations":[{"start":{"line":22,"column":8},"end":{"line":22,"column":16}},{"start":{"line":22,"column":20},"end":{"line":22,"column":41}}],"line":22},"4":{"loc":{"start":{"line":27,"column":8},"end":{"line":27,"column":73}},"type":"cond-expr","locations":[{"start":{"line":27,"column":32},"end":{"line":27,"column":50}},{"start":{"line":27,"column":53},"end":{"line":27,"column":73}}],"line":27},"5":{"loc":{"start":{"line":28,"column":8},"end":{"line":28,"column":39}},"type":"binary-expr","locations":[{"start":{"line":28,"column":8},"end":{"line":28,"column":16}},{"start":{"line":28,"column":20},"end":{"line":28,"column":39}}],"line":28}},"s":{"0":1,"1":10,"2":10,"3":10,"4":1},"f":{"0":10},"b":{"0":[7],"1":[8],"2":[8,2],"3":[10,3],"4":[8,2],"5":[10,3]},"_coverageSchema":"1a1c01bbd47fc00a2c39e90264f33305004495a9","hash":"3894846fe26fd79add0fd207d900f74972f7ae19"}
,"/Users/taipnguyen/Documents/Learning/First Project/DailyHabit/components/HabitCard.tsx": {"path":"/Users/taipnguyen/Documents/Learning/First Project/DailyHabit/components/HabitCard.tsx","statementMap":{"0":{"start":{"line":20,"column":51},"end":{"line":71,"column":1}},"1":{"start":{"line":26,"column":23},"end":{"line":28,"column":3}},"2":{"start":{"line":27,"column":4},"end":{"line":27,"column":23}},"3":{"start":{"line":30,"column":22},"end":{"line":32,"column":3}},"4":{"start":{"line":31,"column":4},"end":{"line":31,"column":21}},"5":{"start":{"line":34,"column":2},"end":{"line":70,"column":4}},"6":{"start":{"line":73,"column":15},"end":{"line":133,"column":2}}},"fnMap":{"0":{"name":"(anonymous_0)","decl":{"start":{"line":20,"column":51},"end":{"line":20,"column":52}},"loc":{"start":{"line":25,"column":6},"end":{"line":71,"column":1}},"line":25},"1":{"name":"(anonymous_1)","decl":{"start":{"line":26,"column":23},"end":{"line":26,"column":24}},"loc":{"start":{"line":26,"column":29},"end":{"line":28,"column":3}},"line":26},"2":{"name":"(anonymous_2)","decl":{"start":{"line":30,"column":22},"end":{"line":30,"column":23}},"loc":{"start":{"line":30,"column":28},"end":{"line":32,"column":3}},"line":30}},"branchMap":{"0":{"loc":{"start":{"line":44,"column":9},"end":{"line":46,"column":9}},"type":"binary-expr","locations":[{"start":{"line":44,"column":9},"end":{"line":44,"column":26}},{"start":{"line":45,"column":10},"end":{"line":45,"column":69}}],"line":44},"1":{"loc":{"start":{"line":55,"column":10},"end":{"line":55,"column":63}},"type":"binary-expr","locations":[{"start":{"line":55,"column":10},"end":{"line":55,"column":32}},{"start":{"line":55,"column":36},"end":{"line":55,"column":63}}],"line":55},"2":{"loc":{"start":{"line":64,"column":10},"end":{"line":64,"column":61}},"type":"binary-expr","locations":[{"start":{"line":64,"column":10},"end":{"line":64,"column":32}},{"start":{"line":64,"column":36},"end":{"line":64,"column":61}}],"line":64},"3":{"loc":{"start":{"line":66,"column":11},"end":{"line":66,"column":45}},"type":"cond-expr","locations":[{"start":{"line":66,"column":36},"end":{"line":66,"column":39}},{"start":{"line":66,"column":42},"end":{"line":66,"column":45}}],"line":66}},"s":{"0":1,"1":10,"2":1,"3":10,"4":2,"5":10,"6":1},"f":{"0":10,"1":1,"2":2},"b":{"0":[10,9],"1":[10,2],"2":[10,2],"3":[2,8]},"_coverageSchema":"1a1c01bbd47fc00a2c39e90264f33305004495a9","hash":"29892de0707da5e697150c26397bf4ae592459f9"}
,"/Users/taipnguyen/Documents/Learning/First Project/DailyHabit/components/index.ts": {"path":"/Users/taipnguyen/Documents/Learning/First Project/DailyHabit/components/index.ts","statementMap":{},"fnMap":{},"branchMap":{},"s":{},"f":{},"b":{}}
,"/Users/taipnguyen/Documents/Learning/First Project/DailyHabit/utils/dateUtils.ts": {"path":"/Users/taipnguyen/Documents/Learning/First Project/DailyHabit/utils/dateUtils.ts","statementMap":{"0":{"start":{"line":4,"column":26},"end":{"line":12,"column":1}},"1":{"start":{"line":5,"column":46},"end":{"line":9,"column":3}},"2":{"start":{"line":11,"column":2},"end":{"line":11,"column":51}},"3":{"start":{"line":17,"column":25},"end":{"line":23,"column":1}},"4":{"start":{"line":18,"column":2},"end":{"line":22,"column":4}},"5":{"start":{"line":28,"column":28},"end":{"line":30,"column":1}},"6":{"start":{"line":29,"column":2},"end":{"line":29,"column":23}},"7":{"start":{"line":35,"column":27},"end":{"line":41,"column":1}},"8":{"start":{"line":36,"column":17},"end":{"line":36,"column":36}},"9":{"start":{"line":37,"column":20},"end":{"line":37,"column":84}},"10":{"start":{"line":38,"column":21},"end":{"line":38,"column":85}},"11":{"start":{"line":40,"column":2},"end":{"line":40,"column":85}},"12":{"start":{"line":46,"column":23},"end":{"line":48,"column":1}},"13":{"start":{"line":47,"column":2},"end":{"line":47,"column":37}},"14":{"start":{"line":53,"column":28},"end":{"line":57,"column":1}},"15":{"start":{"line":54,"column":2},"end":{"line":54,"column":43}},"16":{"start":{"line":54,"column":19},"end":{"line":54,"column":43}},"17":{"start":{"line":55,"column":2},"end":{"line":55,"column":35}},"18":{"start":{"line":55,"column":19},"end":{"line":55,"column":35}},"19":{"start":{"line":56,"column":2},"end":{"line":56,"column":35}}},"fnMap":{"0":{"name":"(anonymous_0)","decl":{"start":{"line":4,"column":26},"end":{"line":4,"column":27}},"loc":{"start":{"line":4,"column":50},"end":{"line":12,"column":1}},"line":4},"1":{"name":"(anonymous_1)","decl":{"start":{"line":17,"column":25},"end":{"line":17,"column":26}},"loc":{"start":{"line":17,"column":64},"end":{"line":23,"column":1}},"line":17},"2":{"name":"(anonymous_2)","decl":{"start":{"line":28,"column":28},"end":{"line":28,"column":29}},"loc":{"start":{"line":28,"column":52},"end":{"line":30,"column":1}},"line":28},"3":{"name":"(anonymous_3)","decl":{"start":{"line":35,"column":27},"end":{"line":35,"column":28}},"loc":{"start":{"line":35,"column":65},"end":{"line":41,"column":1}},"line":35},"4":{"name":"(anonymous_4)","decl":{"start":{"line":46,"column":23},"end":{"line":46,"column":24}},"loc":{"start":{"line":46,"column":48},"end":{"line":48,"column":1}},"line":46},"5":{"name":"(anonymous_5)","decl":{"start":{"line":53,"column":28},"end":{"line":53,"column":29}},"loc":{"start":{"line":53,"column":55},"end":{"line":57,"column":1}},"line":53}},"branchMap":{"0":{"loc":{"start":{"line":19,"column":4},"end":{"line":21,"column":39}},"type":"binary-expr","locations":[{"start":{"line":19,"column":4},"end":{"line":19,"column":47}},{"start":{"line":20,"column":4},"end":{"line":20,"column":41}},{"start":{"line":21,"column":4},"end":{"line":21,"column":39}}],"line":19},"1":{"loc":{"start":{"line":54,"column":2},"end":{"line":54,"column":43}},"type":"if","locations":[{"start":{"line":54,"column":2},"end":{"line":54,"column":43}},{"start":{},"end":{}}],"line":54},"2":{"loc":{"start":{"line":55,"column":2},"end":{"line":55,"column":35}},"type":"if","locations":[{"start":{"line":55,"column":2},"end":{"line":55,"column":35}},{"start":{},"end":{}}],"line":55}},"s":{"0":1,"1":3,"2":3,"3":1,"4":7,"5":1,"6":2,"7":1,"8":4,"9":4,"10":4,"11":4,"12":1,"13":3,"14":1,"15":4,"16":1,"17":3,"18":1,"19":2},"f":{"0":3,"1":7,"2":2,"3":4,"4":3,"5":4},"b":{"0":[7,6,5],"1":[1,3],"2":[1,2]},"_coverageSchema":"1a1c01bbd47fc00a2c39e90264f33305004495a9","hash":"1a279f92d5f9ec17420578d183e281063c906900"}
,"/Users/taipnguyen/Documents/Learning/First Project/DailyHabit/utils/habitUtils.ts": {"path":"/Users/taipnguyen/Documents/Learning/First Project/DailyHabit/utils/habitUtils.ts","statementMap":{"0":{"start":{"line":4,"column":33},"end":{"line":18,"column":1}},"1":{"start":{"line":5,"column":2},"end":{"line":7,"column":3}},"2":{"start":{"line":6,"column":4},"end":{"line":6,"column":70}},"3":{"start":{"line":9,"column":2},"end":{"line":11,"column":3}},"4":{"start":{"line":10,"column":4},"end":{"line":10,"column":74}},"5":{"start":{"line":13,"column":2},"end":{"line":15,"column":3}},"6":{"start":{"line":14,"column":4},"end":{"line":14,"column":79}},"7":{"start":{"line":17,"column":2},"end":{"line":17,"column":27}},"8":{"start":{"line":23,"column":30},"end":{"line":36,"column":1}},"9":{"start":{"line":24,"column":2},"end":{"line":35,"column":4}},"10":{"start":{"line":41,"column":39},"end":{"line":47,"column":1}},"11":{"start":{"line":45,"column":2},"end":{"line":45,"column":32}},"12":{"start":{"line":45,"column":23},"end":{"line":45,"column":32}},"13":{"start":{"line":46,"column":2},"end":{"line":46,"column":55}},"14":{"start":{"line":52,"column":31},"end":{"line":54,"column":1}},"15":{"start":{"line":53,"column":2},"end":{"line":53,"column":74}},"16":{"start":{"line":59,"column":32},"end":{"line":66,"column":1}},"17":{"start":{"line":60,"column":2},"end":{"line":60,"column":49}},"18":{"start":{"line":60,"column":20},"end":{"line":60,"column":49}},"19":{"start":{"line":61,"column":2},"end":{"line":61,"column":47}},"20":{"start":{"line":61,"column":20},"end":{"line":61,"column":47}},"21":{"start":{"line":62,"column":2},"end":{"line":62,"column":60}},"22":{"start":{"line":62,"column":18},"end":{"line":62,"column":60}},"23":{"start":{"line":63,"column":2},"end":{"line":63,"column":58}},"24":{"start":{"line":63,"column":19},"end":{"line":63,"column":58}},"25":{"start":{"line":64,"column":2},"end":{"line":64,"column":68}},"26":{"start":{"line":64,"column":20},"end":{"line":64,"column":68}},"27":{"start":{"line":65,"column":2},"end":{"line":65,"column":50}},"28":{"start":{"line":71,"column":33},"end":{"line":81,"column":1}},"29":{"start":{"line":72,"column":2},"end":{"line":72,"column":39}},"30":{"start":{"line":72,"column":26},"end":{"line":72,"column":39}},"31":{"start":{"line":74,"column":20},"end":{"line":74,"column":30}},"32":{"start":{"line":75,"column":2},"end":{"line":75,"column":45}},"33":{"start":{"line":77,"column":24},"end":{"line":77,"column":51}},"34":{"start":{"line":80,"column":2},"end":{"line":80,"column":35}}},"fnMap":{"0":{"name":"(anonymous_0)","decl":{"start":{"line":4,"column":33},"end":{"line":4,"column":34}},"loc":{"start":{"line":4,"column":89},"end":{"line":18,"column":1}},"line":4},"1":{"name":"(anonymous_1)","decl":{"start":{"line":23,"column":30},"end":{"line":23,"column":31}},"loc":{"start":{"line":23,"column":46},"end":{"line":36,"column":1}},"line":23},"2":{"name":"(anonymous_2)","decl":{"start":{"line":41,"column":39},"end":{"line":41,"column":40}},"loc":{"start":{"line":44,"column":13},"end":{"line":47,"column":1}},"line":44},"3":{"name":"(anonymous_3)","decl":{"start":{"line":52,"column":31},"end":{"line":52,"column":32}},"loc":{"start":{"line":52,"column":45},"end":{"line":54,"column":1}},"line":52},"4":{"name":"(anonymous_4)","decl":{"start":{"line":59,"column":32},"end":{"line":59,"column":33}},"loc":{"start":{"line":59,"column":60},"end":{"line":66,"column":1}},"line":59},"5":{"name":"(anonymous_5)","decl":{"start":{"line":71,"column":33},"end":{"line":71,"column":34}},"loc":{"start":{"line":71,"column":78},"end":{"line":81,"column":1}},"line":71}},"branchMap":{"0":{"loc":{"start":{"line":5,"column":2},"end":{"line":7,"column":3}},"type":"if","locations":[{"start":{"line":5,"column":2},"end":{"line":7,"column":3}},{"start":{},"end":{}}],"line":5},"1":{"loc":{"start":{"line":5,"column":6},"end":{"line":5,"column":39}},"type":"binary-expr","locations":[{"start":{"line":5,"column":6},"end":{"line":5,"column":11}},{"start":{"line":5,"column":15},"end":{"line":5,"column":39}}],"line":5},"2":{"loc":{"start":{"line":9,"column":2},"end":{"line":11,"column":3}},"type":"if","locations":[{"start":{"line":9,"column":2},"end":{"line":11,"column":3}},{"start":{},"end":{}}],"line":9},"3":{"loc":{"start":{"line":13,"column":2},"end":{"line":15,"column":3}},"type":"if","locations":[{"start":{"line":13,"column":2},"end":{"line":15,"column":3}},{"start":{},"end":{}}],"line":13},"4":{"loc":{"start":{"line":45,"column":2},"end":{"line":45,"column":32}},"type":"if","locations":[{"start":{"line":45,"column":2},"end":{"line":45,"column":32}},{"start":{},"end":{}}],"line":45},"5":{"loc":{"start":{"line":60,"column":2},"end":{"line":60,"column":49}},"type":"if","locations":[{"start":{"line":60,"column":2},"end":{"line":60,"column":49}},{"start":{},"end":{}}],"line":60},"6":{"loc":{"start":{"line":61,"column":2},"end":{"line":61,"column":47}},"type":"if","locations":[{"start":{"line":61,"column":2},"end":{"line":61,"column":47}},{"start":{},"end":{}}],"line":61},"7":{"loc":{"start":{"line":62,"column":2},"end":{"line":62,"column":60}},"type":"if","locations":[{"start":{"line":62,"column":2},"end":{"line":62,"column":60}},{"start":{},"end":{}}],"line":62},"8":{"loc":{"start":{"line":63,"column":2},"end":{"line":63,"column":58}},"type":"if","locations":[{"start":{"line":63,"column":2},"end":{"line":63,"column":58}},{"start":{},"end":{}}],"line":63},"9":{"loc":{"start":{"line":64,"column":2},"end":{"line":64,"column":68}},"type":"if","locations":[{"start":{"line":64,"column":2},"end":{"line":64,"column":68}},{"start":{},"end":{}}],"line":64},"10":{"loc":{"start":{"line":72,"column":2},"end":{"line":72,"column":39}},"type":"if","locations":[{"start":{"line":72,"column":2},"end":{"line":72,"column":39}},{"start":{},"end":{}}],"line":72}},"s":{"0":1,"1":6,"2":2,"3":4,"4":1,"5":3,"6":1,"7":2,"8":1,"9":4,"10":1,"11":5,"12":1,"13":4,"14":1,"15":4,"16":1,"17":6,"18":1,"19":5,"20":1,"21":4,"22":1,"23":3,"24":1,"25":2,"26":1,"27":1,"28":1,"29":5,"30":1,"31":4,"32":4,"33":4,"34":4},"f":{"0":6,"1":4,"2":5,"3":4,"4":6,"5":5},"b":{"0":[2,4],"1":[6,5],"2":[1,3],"3":[1,2],"4":[1,4],"5":[1,5],"6":[1,4],"7":[1,3],"8":[1,2],"9":[1,1],"10":[1,4]},"_coverageSchema":"1a1c01bbd47fc00a2c39e90264f33305004495a9","hash":"77a31f45eef3f7cddf139264e8b573ed7e292bcc"}
,"/Users/taipnguyen/Documents/Learning/First Project/DailyHabit/utils/index.ts": {"path":"/Users/taipnguyen/Documents/Learning/First Project/DailyHabit/utils/index.ts","statementMap":{},"fnMap":{},"branchMap":{},"s":{},"f":{},"b":{}}
}
