TN:
SF:App.tsx
FN:4,App
FNF:1
FNH:1
FNDA:4,App
DA:5,4
DA:13,1
LF:2
LH:2
BRF:0
BRH:0
end_of_record
TN:
SF:index.ts
FNF:0
FNH:0
DA:8,0
LF:1
LH:0
BRF:0
BRH:0
end_of_record
TN:
SF:components/Button.tsx
FN:12,(anonymous_0)
FNF:1
FNH:1
FNDA:10,(anonymous_0)
DA:12,1
DA:19,10
DA:25,10
DA:31,10
DA:45,1
LF:5
LH:5
BRDA:15,0,0,7
BRDA:16,1,0,8
BRDA:21,2,0,8
BRDA:21,2,1,2
BRDA:22,3,0,10
BRDA:22,3,1,3
BRDA:27,4,0,8
BRDA:27,4,1,2
BRDA:28,5,0,10
BRDA:28,5,1,3
BRF:10
BRH:10
end_of_record
TN:
SF:components/HabitCard.tsx
FN:20,(anonymous_0)
FN:26,(anonymous_1)
FN:30,(anonymous_2)
FNF:3
FNH:3
FNDA:10,(anonymous_0)
FNDA:1,(anonymous_1)
FNDA:2,(anonymous_2)
DA:20,1
DA:26,10
DA:27,1
DA:30,10
DA:31,2
DA:34,10
DA:73,1
LF:7
LH:7
BRDA:44,0,0,10
BRDA:44,0,1,9
BRDA:55,1,0,10
BRDA:55,1,1,2
BRDA:64,2,0,10
BRDA:64,2,1,2
BRDA:66,3,0,2
BRDA:66,3,1,8
BRF:8
BRH:8
end_of_record
TN:
SF:components/index.ts
FNF:0
FNH:0
LF:0
LH:0
BRF:0
BRH:0
end_of_record
TN:
SF:utils/dateUtils.ts
FN:4,(anonymous_0)
FN:17,(anonymous_1)
FN:28,(anonymous_2)
FN:35,(anonymous_3)
FN:46,(anonymous_4)
FN:53,(anonymous_5)
FNF:6
FNH:6
FNDA:3,(anonymous_0)
FNDA:7,(anonymous_1)
FNDA:2,(anonymous_2)
FNDA:4,(anonymous_3)
FNDA:3,(anonymous_4)
FNDA:4,(anonymous_5)
DA:4,1
DA:5,3
DA:11,3
DA:17,1
DA:18,7
DA:28,1
DA:29,2
DA:35,1
DA:36,4
DA:37,4
DA:38,4
DA:40,4
DA:46,1
DA:47,3
DA:53,1
DA:54,4
DA:55,3
DA:56,2
LF:18
LH:18
BRDA:19,0,0,7
BRDA:19,0,1,6
BRDA:19,0,2,5
BRDA:54,1,0,1
BRDA:54,1,1,3
BRDA:55,2,0,1
BRDA:55,2,1,2
BRF:7
BRH:7
end_of_record
TN:
SF:utils/habitUtils.ts
FN:4,(anonymous_0)
FN:23,(anonymous_1)
FN:41,(anonymous_2)
FN:52,(anonymous_3)
FN:59,(anonymous_4)
FN:71,(anonymous_5)
FNF:6
FNH:6
FNDA:6,(anonymous_0)
FNDA:4,(anonymous_1)
FNDA:5,(anonymous_2)
FNDA:4,(anonymous_3)
FNDA:6,(anonymous_4)
FNDA:5,(anonymous_5)
DA:4,1
DA:5,6
DA:6,2
DA:9,4
DA:10,1
DA:13,3
DA:14,1
DA:17,2
DA:23,1
DA:24,4
DA:41,1
DA:45,5
DA:46,4
DA:52,1
DA:53,4
DA:59,1
DA:60,6
DA:61,5
DA:62,4
DA:63,3
DA:64,2
DA:65,1
DA:71,1
DA:72,5
DA:74,4
DA:75,4
DA:77,4
DA:80,4
LF:28
LH:28
BRDA:5,0,0,2
BRDA:5,0,1,4
BRDA:5,1,0,6
BRDA:5,1,1,5
BRDA:9,2,0,1
BRDA:9,2,1,3
BRDA:13,3,0,1
BRDA:13,3,1,2
BRDA:45,4,0,1
BRDA:45,4,1,4
BRDA:60,5,0,1
BRDA:60,5,1,5
BRDA:61,6,0,1
BRDA:61,6,1,4
BRDA:62,7,0,1
BRDA:62,7,1,3
BRDA:63,8,0,1
BRDA:63,8,1,2
BRDA:64,9,0,1
BRDA:64,9,1,1
BRDA:72,10,0,1
BRDA:72,10,1,4
BRF:22
BRH:22
end_of_record
TN:
SF:utils/index.ts
FNF:0
FNH:0
LF:0
LH:0
BRF:0
BRH:0
end_of_record
